<?xml version="1.0" encoding="UTF-8"?>
<testsuite xmlns:xsi="http://www.w3.org/2001/XMLSchema-instance" xsi:noNamespaceSchemaLocation="https://maven.apache.org/surefire/maven-surefire-plugin/xsd/surefire-test-report-3.0.xsd" version="3.0" name="TestRunner.RunnerTest" time="0.18" tests="3" errors="0" skipped="0" failures="0">
  <properties>
[...]
</properties>
  <testcase name="Title of your scenario" classname="End to End SaudDemo" time="0.091"/>
  <testcase name="Title of your scenariobbx" classname="End to End SaudDemo" time="0.007"/>
  <testcase name="Title of your scenariobb vv" classname="End to End SaudDemo" time="0.005"/>
</testsuite>